<?xml version="1.0" encoding="UTF-8"?>
<testsuite name="com.github.bazel_contrib.contrib_rules_jvm.comparative.SuiteTest2" tests="2" skipped="0" failures="0" errors="0" timestamp="2024-02-02T18:14:16" hostname="MacBook-Pro.local" time="0.018">
  <properties/>
  <testcase name="doSomethingElse()" classname="com.github.bazel_contrib.contrib_rules_jvm.comparative.SuiteTest2" time="0.001"/>
  <testcase name="doSomethingElse()" classname="com.github.bazel_contrib.contrib_rules_jvm.comparative.SuiteTest2" time="0.001"/>
  <system-out><![CDATA[]]></system-out>
  <system-err><![CDATA[]]></system-err>
</testsuite>
