<?xml version="1.0" encoding="UTF-8"?>
<testsuite name="com.github.bazel_contrib.contrib_rules_jvm.comparative.SuiteTest1" tests="8" skipped="0" failures="0" errors="0" timestamp="2024-02-02T18:14:16" hostname="MacBook-Pro.local" time="0.032">
  <properties/>
  <testcase name="[1] alpha" classname="com.github.bazel_contrib.contrib_rules_jvm.comparative.SuiteTest1" time="0.01"/>
  <testcase name="[2] beta" classname="com.github.bazel_contrib.contrib_rules_jvm.comparative.SuiteTest1" time="0.0"/>
  <testcase name="[3] gamma" classname="com.github.bazel_contrib.contrib_rules_jvm.comparative.SuiteTest1" time="0.0"/>
  <testcase name="doSomething()" classname="com.github.bazel_contrib.contrib_rules_jvm.comparative.SuiteTest1" time="0.0"/>
  <testcase name="[1] alpha" classname="com.github.bazel_contrib.contrib_rules_jvm.comparative.SuiteTest1" time="0.001"/>
  <testcase name="[2] beta" classname="com.github.bazel_contrib.contrib_rules_jvm.comparative.SuiteTest1" time="0.001"/>
  <testcase name="[3] gamma" classname="com.github.bazel_contrib.contrib_rules_jvm.comparative.SuiteTest1" time="0.001"/>
  <testcase name="doSomething()" classname="com.github.bazel_contrib.contrib_rules_jvm.comparative.SuiteTest1" time="0.0"/>
  <system-out><![CDATA[Suite Test 1: alpha
Suite Test 1: beta
Suite Test 1: gamma
Hello, World!
Suite Test 1: alpha
Suite Test 1: beta
Suite Test 1: gamma
Hello, World!
]]></system-out>
  <system-err><![CDATA[]]></system-err>
</testsuite>
