<?xml version="1.0" encoding="UTF-8"?>
<testsuite name="com.github.bazel_contrib.contrib_rules_jvm.comparative.SuiteTest2" tests="2" skipped="0" failures="0" errors="0" timestamp="2023-11-08T12:49:19" hostname="Simons-Chunky-MBP.local" time="0.034">
  <properties/>
  <testcase name="doSomethingElse()" classname="com.github.bazel_contrib.contrib_rules_jvm.comparative.SuiteTest2" time="0.002"/>
  <testcase name="doSomethingElse()" classname="com.github.bazel_contrib.contrib_rules_jvm.comparative.SuiteTest2" time="0.0"/>
  <system-out><![CDATA[]]></system-out>
  <system-err><![CDATA[]]></system-err>
</testsuite>
