<?xml version="1.0" encoding="UTF-8"?>
<testsuite name="com.github.bazel_contrib.contrib_rules_jvm.comparative.DynamicTests" tests="3" skipped="0" failures="0" errors="0" timestamp="2024-02-02T18:14:16" hostname="MacBook-Pro.local" time="0.001">
  <properties/>
  <testcase name="Test of one" classname="com.github.bazel_contrib.contrib_rules_jvm.comparative.DynamicTests" time="0.001"/>
  <testcase name="Test of two" classname="com.github.bazel_contrib.contrib_rules_jvm.comparative.DynamicTests" time="0.0"/>
  <testcase name="Test of three" classname="com.github.bazel_contrib.contrib_rules_jvm.comparative.DynamicTests" time="0.0"/>
  <system-out><![CDATA[]]></system-out>
  <system-err><![CDATA[]]></system-err>
</testsuite>
